<?xml version="1.0" encoding="UTF-8"?>
<!-- Generated by org.testng.reporters.JUnitXMLReporter -->
<testsuite ignored="0" hostname="Amits-MBP.hitronhub.home" failures="0" tests="4" name="Default test" time="47.14" errors="0" timestamp="2021-11-14T12:09:12 GMT-04:00">
  <testcase classname="tests.LoginTest" name="loginWithWrongEmailandPasswordTest" time="4.015"/>
  <testcase classname="tests.LoginTest" name="loginWithEmptyEmailTest" time="3.597"/>
  <testcase classname="tests.LoginTest" name="loginWithEmptyPasswordTest" time="3.676"/>
  <testcase classname="tests.LoginTest" name="loginWithEmailSpecialCharTest" time="6.682"/>
</testsuite> <!-- Default test -->
