<?xml version="1.0" encoding="UTF-8"?>
<testng-results ignored="0" total="4" passed="4" failed="0" skipped="0">
  <reporter-output>
  </reporter-output>
  <suite started-at="2021-11-14T12:08:24 GMT-04:00" name="Default suite" finished-at="2021-11-14T12:09:12 GMT-04:00" duration-ms="47140">
    <groups>
    </groups>
    <test started-at="2021-11-14T12:08:24 GMT-04:00" name="Default test" finished-at="2021-11-14T12:09:12 GMT-04:00" duration-ms="47140">
      <class name="tests.LoginTest">
        <test-method is-config="true" signature="beforeMethod()[pri:0, instance:tests.LoginTest@5a1de7fb]" started-at="2021-11-14T12:08:24 GMT-04:00" name="beforeMethod" finished-at="2021-11-14T12:08:36 GMT-04:00" duration-ms="11193" status="PASS">
          <reporter-output>
          </reporter-output>
        </test-method> <!-- beforeMethod -->
        <test-method signature="loginWithWrongEmailandPasswordTest()[pri:1, instance:tests.LoginTest@5a1de7fb]" started-at="2021-11-14T12:08:36 GMT-04:00" name="loginWithWrongEmailandPasswordTest" finished-at="2021-11-14T12:08:40 GMT-04:00" duration-ms="4015" status="PASS">
          <reporter-output>
          </reporter-output>
        </test-method> <!-- loginWithWrongEmailandPasswordTest -->
        <test-method is-config="true" signature="afterMethod()[pri:0, instance:tests.LoginTest@5a1de7fb]" started-at="2021-11-14T12:08:40 GMT-04:00" name="afterMethod" finished-at="2021-11-14T12:08:40 GMT-04:00" duration-ms="205" status="PASS">
          <reporter-output>
          </reporter-output>
        </test-method> <!-- afterMethod -->
        <test-method is-config="true" signature="beforeMethod()[pri:0, instance:tests.LoginTest@5a1de7fb]" started-at="2021-11-14T12:08:40 GMT-04:00" name="beforeMethod" finished-at="2021-11-14T12:08:46 GMT-04:00" duration-ms="5729" status="PASS">
          <reporter-output>
          </reporter-output>
        </test-method> <!-- beforeMethod -->
        <test-method signature="loginWithEmptyEmailTest()[pri:2, instance:tests.LoginTest@5a1de7fb]" started-at="2021-11-14T12:08:46 GMT-04:00" name="loginWithEmptyEmailTest" finished-at="2021-11-14T12:08:49 GMT-04:00" duration-ms="3597" status="PASS">
          <reporter-output>
          </reporter-output>
        </test-method> <!-- loginWithEmptyEmailTest -->
        <test-method is-config="true" signature="afterMethod()[pri:0, instance:tests.LoginTest@5a1de7fb]" started-at="2021-11-14T12:08:49 GMT-04:00" name="afterMethod" finished-at="2021-11-14T12:08:49 GMT-04:00" duration-ms="156" status="PASS">
          <reporter-output>
          </reporter-output>
        </test-method> <!-- afterMethod -->
        <test-method is-config="true" signature="beforeMethod()[pri:0, instance:tests.LoginTest@5a1de7fb]" started-at="2021-11-14T12:08:49 GMT-04:00" name="beforeMethod" finished-at="2021-11-14T12:08:55 GMT-04:00" duration-ms="5187" status="PASS">
          <reporter-output>
          </reporter-output>
        </test-method> <!-- beforeMethod -->
        <test-method signature="loginWithEmptyPasswordTest()[pri:3, instance:tests.LoginTest@5a1de7fb]" started-at="2021-11-14T12:08:55 GMT-04:00" name="loginWithEmptyPasswordTest" finished-at="2021-11-14T12:08:58 GMT-04:00" duration-ms="3676" status="PASS">
          <reporter-output>
          </reporter-output>
        </test-method> <!-- loginWithEmptyPasswordTest -->
        <test-method is-config="true" signature="afterMethod()[pri:0, instance:tests.LoginTest@5a1de7fb]" started-at="2021-11-14T12:08:58 GMT-04:00" name="afterMethod" finished-at="2021-11-14T12:08:58 GMT-04:00" duration-ms="157" status="PASS">
          <reporter-output>
          </reporter-output>
        </test-method> <!-- afterMethod -->
        <test-method is-config="true" signature="beforeMethod()[pri:0, instance:tests.LoginTest@5a1de7fb]" started-at="2021-11-14T12:08:58 GMT-04:00" name="beforeMethod" finished-at="2021-11-14T12:09:05 GMT-04:00" duration-ms="6328" status="PASS">
          <reporter-output>
          </reporter-output>
        </test-method> <!-- beforeMethod -->
        <test-method signature="loginWithEmailSpecialCharTest()[pri:4, instance:tests.LoginTest@5a1de7fb]" started-at="2021-11-14T12:09:05 GMT-04:00" name="loginWithEmailSpecialCharTest" finished-at="2021-11-14T12:09:11 GMT-04:00" duration-ms="6682" status="PASS">
          <reporter-output>
          </reporter-output>
        </test-method> <!-- loginWithEmailSpecialCharTest -->
        <test-method is-config="true" signature="afterMethod()[pri:0, instance:tests.LoginTest@5a1de7fb]" started-at="2021-11-14T12:09:11 GMT-04:00" name="afterMethod" finished-at="2021-11-14T12:09:12 GMT-04:00" duration-ms="137" status="PASS">
          <reporter-output>
          </reporter-output>
        </test-method> <!-- afterMethod -->
      </class> <!-- tests.LoginTest -->
    </test> <!-- Default test -->
  </suite> <!-- Default suite -->
</testng-results>
